<?xml version="1.0" encoding="UTF-8"?>
<testsuite name="com.fireprohibition.CBomb.CBombApplicationTests" tests="1" skipped="0" failures="0" errors="0" timestamp="2022-03-28T07:17:41" hostname="DESKTOP-R0PVGUD" time="0.423">
  <properties/>
  <testcase name="contextLoads()" classname="com.fireprohibition.CBomb.CBombApplicationTests" time="0.423"/>
  <system-out><![CDATA[16:17:34.649 [Test worker] DEBUG org.springframework.test.context.BootstrapUtils - Instantiating CacheAwareContextLoaderDelegate from class [org.springframework.test.context.cache.DefaultCacheAwareContextLoaderDelegate]
16:17:34.666 [Test worker] DEBUG org.springframework.test.context.BootstrapUtils - Instantiating BootstrapContext using constructor [public org.springframework.test.context.support.DefaultBootstrapContext(java.lang.Class,org.springframework.test.context.CacheAwareContextLoaderDelegate)]
16:17:34.713 [Test worker] DEBUG org.springframework.test.context.BootstrapUtils - Instantiating TestContextBootstrapper for test class [com.fireprohibition.CBomb.CBombApplicationTests] from class [org.springframework.boot.test.context.SpringBootTestContextBootstrapper]
16:17:34.730 [Test worker] INFO org.springframework.boot.test.context.SpringBootTestContextBootstrapper - Neither @ContextConfiguration nor @ContextHierarchy found for test class [com.fireprohibition.CBomb.CBombApplicationTests], using SpringBootContextLoader
16:17:34.738 [Test worker] DEBUG org.springframework.test.context.support.AbstractContextLoader - Did not detect default resource location for test class [com.fireprohibition.CBomb.CBombApplicationTests]: class path resource [com/fireprohibition/CBomb/CBombApplicationTests-context.xml] does not exist
16:17:34.740 [Test worker] DEBUG org.springframework.test.context.support.AbstractContextLoader - Did not detect default resource location for test class [com.fireprohibition.CBomb.CBombApplicationTests]: class path resource [com/fireprohibition/CBomb/CBombApplicationTestsContext.groovy] does not exist
16:17:34.740 [Test worker] INFO org.springframework.test.context.support.AbstractContextLoader - Could not detect default resource locations for test class [com.fireprohibition.CBomb.CBombApplicationTests]: no resource found for suffixes {-context.xml, Context.groovy}.
16:17:34.741 [Test worker] INFO org.springframework.test.context.support.AnnotationConfigContextLoaderUtils - Could not detect default configuration classes for test class [com.fireprohibition.CBomb.CBombApplicationTests]: CBombApplicationTests does not declare any static, non-private, non-final, nested classes annotated with @Configuration.
16:17:34.807 [Test worker] DEBUG org.springframework.test.context.support.ActiveProfilesUtils - Could not find an 'annotation declaring class' for annotation type [org.springframework.test.context.ActiveProfiles] and class [com.fireprohibition.CBomb.CBombApplicationTests]
16:17:34.889 [Test worker] DEBUG org.springframework.context.annotation.ClassPathScanningCandidateComponentProvider - Identified candidate component class: file [C:\Users\GTH\Desktop\C-Bomb-Back-End\build\classes\java\main\com\fireprohibition\CBomb\CBombApplication.class]
16:17:34.892 [Test worker] INFO org.springframework.boot.test.context.SpringBootTestContextBootstrapper - Found @SpringBootConfiguration com.fireprohibition.CBomb.CBombApplication for test class com.fireprohibition.CBomb.CBombApplicationTests
16:17:35.030 [Test worker] DEBUG org.springframework.boot.test.context.SpringBootTestContextBootstrapper - @TestExecutionListeners is not present for class [com.fireprohibition.CBomb.CBombApplicationTests]: using defaults.
16:17:35.031 [Test worker] INFO org.springframework.boot.test.context.SpringBootTestContextBootstrapper - Loaded default TestExecutionListener class names from location [META-INF/spring.factories]: [org.springframework.security.test.context.support.WithSecurityContextTestExecutionListener, org.springframework.security.test.context.support.ReactorContextTestExecutionListener, org.springframework.boot.test.autoconfigure.restdocs.RestDocsTestExecutionListener, org.springframework.boot.test.autoconfigure.web.client.MockRestServiceServerResetTestExecutionListener, org.springframework.boot.test.autoconfigure.web.servlet.MockMvcPrintOnlyOnFailureTestExecutionListener, org.springframework.boot.test.autoconfigure.web.servlet.WebDriverTestExecutionListener, org.springframework.boot.test.autoconfigure.webservices.client.MockWebServiceServerTestExecutionListener, org.springframework.boot.test.mock.mockito.MockitoTestExecutionListener, org.springframework.boot.test.mock.mockito.ResetMocksTestExecutionListener, org.springframework.test.context.web.ServletTestExecutionListener, org.springframework.test.context.support.DirtiesContextBeforeModesTestExecutionListener, org.springframework.test.context.event.ApplicationEventsTestExecutionListener, org.springframework.test.context.support.DependencyInjectionTestExecutionListener, org.springframework.test.context.support.DirtiesContextTestExecutionListener, org.springframework.test.context.transaction.TransactionalTestExecutionListener, org.springframework.test.context.jdbc.SqlScriptsTestExecutionListener, org.springframework.test.context.event.EventPublishingTestExecutionListener]
16:17:35.055 [Test worker] INFO org.springframework.boot.test.context.SpringBootTestContextBootstrapper - Using TestExecutionListeners: [org.springframework.test.context.web.ServletTestExecutionListener@29caf222, org.springframework.test.context.support.DirtiesContextBeforeModesTestExecutionListener@46cf05f7, org.springframework.test.context.event.ApplicationEventsTestExecutionListener@5851bd4f, org.springframework.boot.test.mock.mockito.MockitoTestExecutionListener@7cd1ac19, org.springframework.boot.test.autoconfigure.SpringBootDependencyInjectionTestExecutionListener@2f40a43, org.springframework.test.context.support.DirtiesContextTestExecutionListener@3caa4757, org.springframework.test.context.transaction.TransactionalTestExecutionListener@69c43e48, org.springframework.test.context.jdbc.SqlScriptsTestExecutionListener@1804f60d, org.springframework.security.test.context.support.WithSecurityContextTestExecutionListener@3a80515c, org.springframework.test.context.event.EventPublishingTestExecutionListener@547e29a4, org.springframework.security.test.context.support.ReactorContextTestExecutionListener@1c807b1d, org.springframework.boot.test.autoconfigure.restdocs.RestDocsTestExecutionListener@238b521e, org.springframework.boot.test.autoconfigure.web.client.MockRestServiceServerResetTestExecutionListener@1b39fd82, org.springframework.boot.test.autoconfigure.web.servlet.MockMvcPrintOnlyOnFailureTestExecutionListener@3e2fc448, org.springframework.boot.test.autoconfigure.web.servlet.WebDriverTestExecutionListener@21680803, org.springframework.boot.test.autoconfigure.webservices.client.MockWebServiceServerTestExecutionListener@588ab592, org.springframework.boot.test.mock.mockito.ResetMocksTestExecutionListener@c8b96ec]
16:17:35.061 [Test worker] DEBUG org.springframework.test.context.support.AbstractDirtiesContextTestExecutionListener - Before test class: context [DefaultTestContext@3228d990 testClass = CBombApplicationTests, testInstance = [null], testMethod = [null], testException = [null], mergedContextConfiguration = [WebMergedContextConfiguration@54e7391d testClass = CBombApplicationTests, locations = '{}', classes = '{class com.fireprohibition.CBomb.CBombApplication}', contextInitializerClasses = '[]', activeProfiles = '{}', propertySourceLocations = '{}', propertySourceProperties = '{org.springframework.boot.test.context.SpringBootTestContextBootstrapper=true}', contextCustomizers = set[org.springframework.boot.test.autoconfigure.actuate.metrics.MetricsExportContextCustomizerFactory$DisableMetricExportContextCustomizer@7516e4e5, org.springframework.boot.test.autoconfigure.properties.PropertyMappingContextCustomizer@0, org.springframework.boot.test.autoconfigure.web.servlet.WebDriverContextCustomizerFactory$Customizer@7fc6de5b, org.springframework.boot.test.context.filter.ExcludeFilterContextCustomizer@5dd91bca, org.springframework.boot.test.json.DuplicateJsonObjectContextCustomizerFactory$DuplicateJsonObjectContextCustomizer@60641ec8, org.springframework.boot.test.mock.mockito.MockitoContextCustomizer@0, org.springframework.boot.test.web.client.TestRestTemplateContextCustomizer@57eda880, org.springframework.boot.test.context.SpringBootTestArgs@1, org.springframework.boot.test.context.SpringBootTestWebEnvironment@35b74c5c], resourceBasePath = 'src/main/webapp', contextLoader = 'org.springframework.boot.test.context.SpringBootContextLoader', parent = [null]], attributes = map['org.springframework.test.context.web.ServletTestExecutionListener.activateListener' -> true]], class annotated with @DirtiesContext [false] with mode [null].

  .   ____          _            __ _ _
 /\\ / ___'_ __ _ _(_)_ __  __ _ \ \ \ \
( ( )\___ | '_ | '_| | '_ \/ _` | \ \ \ \
 \\/  ___)| |_)| | | | | || (_| |  ) ) ) )
  '  |____| .__|_| |_|_| |_\__, | / / / /
 =========|_|==============|___/=/_/_/_/
 :: Spring Boot ::                (v2.6.4)

2022-03-28 16:17:35.541  INFO 4212 --- [    Test worker] c.f.CBomb.CBombApplicationTests          : Starting CBombApplicationTests using Java 11.0.11 on DESKTOP-R0PVGUD with PID 4212 (started by GTH in C:\Users\GTH\Desktop\C-Bomb-Back-End)
2022-03-28 16:17:35.544  INFO 4212 --- [    Test worker] c.f.CBomb.CBombApplicationTests          : No active profile set, falling back to 1 default profile: "default"
2022-03-28 16:17:36.774  INFO 4212 --- [    Test worker] .s.d.r.c.RepositoryConfigurationDelegate : Multiple Spring Data modules found, entering strict repository configuration mode!
2022-03-28 16:17:36.778  INFO 4212 --- [    Test worker] .s.d.r.c.RepositoryConfigurationDelegate : Bootstrapping Spring Data Redis repositories in DEFAULT mode.
2022-03-28 16:17:36.825  INFO 4212 --- [    Test worker] .s.d.r.c.RepositoryConfigurationDelegate : Finished Spring Data repository scanning in 15 ms. Found 0 Redis repository interfaces.
2022-03-28 16:17:38.467  INFO 4212 --- [    Test worker] o.s.s.web.DefaultSecurityFilterChain     : Will not secure any request
2022-03-28 16:17:41.696  INFO 4212 --- [    Test worker] o.s.m.s.b.SimpleBrokerMessageHandler     : Starting...
2022-03-28 16:17:41.697  INFO 4212 --- [    Test worker] o.s.m.s.b.SimpleBrokerMessageHandler     : BrokerAvailabilityEvent[available=true, SimpleBrokerMessageHandler [org.springframework.messaging.simp.broker.DefaultSubscriptionRegistry@56e8a8a0]]
2022-03-28 16:17:41.699  INFO 4212 --- [    Test worker] o.s.m.s.b.SimpleBrokerMessageHandler     : Started.
2022-03-28 16:17:41.710  INFO 4212 --- [    Test worker] c.f.CBomb.CBombApplicationTests          : Started CBombApplicationTests in 6.603 seconds (JVM running for 8.795)
]]></system-out>
  <system-err><![CDATA[]]></system-err>
</testsuite>
